2020-06-27 07:47:09,222 [Worker-2: Loading available Gradle versions] INFO  o.e.b.c.i.u.g.PublishedGradleVersions - Gradle version information cache is out-of-date. Trying to update.
2020-06-27 07:47:09,539 [Worker-2: Loading available Gradle versions] INFO  o.e.b.c.i.u.g.PublishedGradleVersions - Updating Gradle version information cache failed. Using outdated cache.
2020-06-27 07:49:10,006 [Worker-5: Import Getting Started Content] INFO  o.e.m.c.i.l.LifecycleMappingFactory - Using org.eclipse.m2e.jdt.JarLifecycleMapping lifecycle mapping for MavenProject: com.example:SpringBoot2JUnitTest:0.0.1-SNAPSHOT @ /home/kundan/SpringPratics/Tools/SpringBoot2JUnitTest/pom.xml.
2020-06-27 07:49:11,375 [Worker-5: Import Getting Started Content] INFO  o.e.m.j.i.AbstractJavaProjectConfigurator - Adding source folder /SpringBoot2JUnitTest/src/main/java
2020-06-27 07:49:11,375 [Worker-5: Import Getting Started Content] INFO  o.e.m.j.i.AbstractJavaProjectConfigurator - Adding resource folder /SpringBoot2JUnitTest/src/main/resources
2020-06-27 07:49:11,379 [Worker-5: Import Getting Started Content] INFO  o.e.m.j.i.AbstractJavaProjectConfigurator - Adding resource folder /SpringBoot2JUnitTest/src/main/resources
2020-06-27 07:49:11,386 [Worker-5: Import Getting Started Content] INFO  o.e.m.j.i.AbstractJavaProjectConfigurator - Adding source folder /SpringBoot2JUnitTest/src/test/java
2020-06-27 07:49:11,721 [Worker-5: Import Getting Started Content] INFO  o.e.m.c.i.p.ProjectConfigurationManager - Imported and configured 1 project(s) in 3 sec
2020-06-27 07:49:11,724 [Worker-5: Import Getting Started Content] INFO  o.e.m.c.i.p.ProjectConfigurationManager - Update started
2020-06-27 07:49:12,053 [Worker-5: Import Getting Started Content] INFO  o.e.m.c.i.l.LifecycleMappingFactory - Using org.eclipse.m2e.jdt.JarLifecycleMapping lifecycle mapping for MavenProject: com.example:SpringBoot2JUnitTest:0.0.1-SNAPSHOT @ /home/kundan/SpringPratics/Tools/SpringBoot2JUnitTest/pom.xml.
2020-06-27 07:49:12,350 [Worker-5: Import Getting Started Content] INFO  o.e.m.j.i.AbstractJavaProjectConfigurator - Adding source folder /SpringBoot2JUnitTest/src/main/java
2020-06-27 07:49:12,351 [Worker-5: Import Getting Started Content] INFO  o.e.m.j.i.AbstractJavaProjectConfigurator - Adding resource folder /SpringBoot2JUnitTest/src/main/resources
2020-06-27 07:49:12,351 [Worker-5: Import Getting Started Content] INFO  o.e.m.j.i.AbstractJavaProjectConfigurator - Adding resource folder /SpringBoot2JUnitTest/src/main/resources
2020-06-27 07:49:12,352 [Worker-5: Import Getting Started Content] INFO  o.e.m.j.i.AbstractJavaProjectConfigurator - Adding source folder /SpringBoot2JUnitTest/src/test/java
2020-06-27 07:49:13,058 [Worker-5: Import Getting Started Content] INFO  o.e.m.c.i.p.ProjectConfigurationManager - Update completed: 1 sec
2020-06-27 07:49:13,662 [Worker-1: Building] INFO  o.e.m.c.i.embedder.EclipseLogger - Using 'UTF-8' encoding to copy filtered resources.
2020-06-27 07:49:13,666 [Worker-1: Building] INFO  o.e.m.c.i.embedder.EclipseLogger - Copying 1 resource
2020-06-27 07:49:13,701 [Worker-1: Building] INFO  o.e.m.c.i.embedder.EclipseLogger - Copying 0 resource
2020-06-27 07:49:13,703 [Worker-1: Building] INFO  o.e.m.c.i.embedder.EclipseLogger - Using 'UTF-8' encoding to copy filtered resources.
2020-06-27 07:49:13,703 [Worker-1: Building] INFO  o.e.m.c.i.embedder.EclipseLogger - skip non existing resourceDirectory /home/kundan/SpringPratics/Tools/SpringBoot2JUnitTest/src/test/resources
2020-06-27 07:51:19,087 [Worker-14: Building] INFO  o.e.m.c.i.l.LifecycleMappingFactory - Using org.eclipse.m2e.jdt.JarLifecycleMapping lifecycle mapping for MavenProject: com.example:SpringBoot2JUnitTest:0.0.1-SNAPSHOT @ /home/kundan/SpringPratics/Tools/SpringBoot2JUnitTest/pom.xml.
2020-06-27 07:51:19,248 [Worker-14: Building] INFO  o.e.m.c.i.embedder.EclipseLogger - Using 'UTF-8' encoding to copy filtered resources.
2020-06-27 07:51:19,250 [Worker-14: Building] INFO  o.e.m.c.i.embedder.EclipseLogger - Copying 0 resource
2020-06-27 07:51:19,251 [Worker-14: Building] INFO  o.e.m.c.i.embedder.EclipseLogger - Copying 0 resource
2020-06-27 07:51:19,252 [Worker-14: Building] INFO  o.e.m.c.i.embedder.EclipseLogger - Using 'UTF-8' encoding to copy filtered resources.
2020-06-27 07:51:19,253 [Worker-14: Building] INFO  o.e.m.c.i.embedder.EclipseLogger - skip non existing resourceDirectory /home/kundan/SpringPratics/Tools/SpringBoot2JUnitTest/src/test/resources
2020-06-27 07:51:35,010 [Worker-5: Building] INFO  o.e.m.c.i.l.LifecycleMappingFactory - Using org.eclipse.m2e.jdt.JarLifecycleMapping lifecycle mapping for MavenProject: com.example:SpringBoot2JUnitTest:0.0.1-SNAPSHOT @ /home/kundan/SpringPratics/Tools/SpringBoot2JUnitTest/pom.xml.
2020-06-27 07:51:35,135 [Worker-5: Building] INFO  o.e.m.c.i.embedder.EclipseLogger - Using 'UTF-8' encoding to copy filtered resources.
2020-06-27 07:51:35,136 [Worker-5: Building] INFO  o.e.m.c.i.embedder.EclipseLogger - Copying 0 resource
2020-06-27 07:51:35,137 [Worker-5: Building] INFO  o.e.m.c.i.embedder.EclipseLogger - Copying 0 resource
2020-06-27 07:51:35,139 [Worker-5: Building] INFO  o.e.m.c.i.embedder.EclipseLogger - Using 'UTF-8' encoding to copy filtered resources.
2020-06-27 07:51:35,139 [Worker-5: Building] INFO  o.e.m.c.i.embedder.EclipseLogger - skip non existing resourceDirectory /home/kundan/SpringPratics/Tools/SpringBoot2JUnitTest/src/test/resources
2020-06-27 07:51:36,531 [Worker-15: Building] INFO  o.e.m.c.i.embedder.EclipseLogger - Using 'UTF-8' encoding to copy filtered resources.
2020-06-27 07:51:36,532 [Worker-15: Building] INFO  o.e.m.c.i.embedder.EclipseLogger - Copying 1 resource
2020-06-27 07:51:36,539 [Worker-15: Building] INFO  o.e.m.c.i.embedder.EclipseLogger - Copying 0 resource
2020-06-27 07:51:36,541 [Worker-15: Building] INFO  o.e.m.c.i.embedder.EclipseLogger - Using 'UTF-8' encoding to copy filtered resources.
2020-06-27 07:51:36,541 [Worker-15: Building] INFO  o.e.m.c.i.embedder.EclipseLogger - skip non existing resourceDirectory /home/kundan/SpringPratics/Tools/SpringBoot2JUnitTest/src/test/resources
2020-06-27 07:54:15,877 [Worker-14: Building] INFO  o.e.m.c.i.l.LifecycleMappingFactory - Using org.eclipse.m2e.jdt.JarLifecycleMapping lifecycle mapping for MavenProject: com.example:SpringBoot2JUnitTest:0.0.1-SNAPSHOT @ /home/kundan/SpringPratics/Tools/SpringBoot2JUnitTest/pom.xml.
2020-06-27 07:54:15,980 [Worker-14: Building] INFO  o.e.m.c.i.embedder.EclipseLogger - Using 'UTF-8' encoding to copy filtered resources.
2020-06-27 07:54:15,982 [Worker-14: Building] INFO  o.e.m.c.i.embedder.EclipseLogger - Copying 0 resource
2020-06-27 07:54:15,982 [Worker-14: Building] INFO  o.e.m.c.i.embedder.EclipseLogger - Copying 0 resource
2020-06-27 07:54:15,984 [Worker-14: Building] INFO  o.e.m.c.i.embedder.EclipseLogger - Using 'UTF-8' encoding to copy filtered resources.
2020-06-27 07:54:15,984 [Worker-14: Building] INFO  o.e.m.c.i.embedder.EclipseLogger - skip non existing resourceDirectory /home/kundan/SpringPratics/Tools/SpringBoot2JUnitTest/src/test/resources
2020-06-27 07:55:25,696 [Worker-14: Building] INFO  o.e.m.c.i.embedder.EclipseLogger - Using 'UTF-8' encoding to copy filtered resources.
2020-06-27 07:55:25,696 [Worker-14: Building] INFO  o.e.m.c.i.embedder.EclipseLogger - Copying 1 resource
2020-06-27 07:55:25,707 [Worker-14: Building] INFO  o.e.m.c.i.embedder.EclipseLogger - Copying 0 resource
2020-06-27 07:55:25,709 [Worker-14: Building] INFO  o.e.m.c.i.embedder.EclipseLogger - Using 'UTF-8' encoding to copy filtered resources.
2020-06-27 07:55:25,709 [Worker-14: Building] INFO  o.e.m.c.i.embedder.EclipseLogger - skip non existing resourceDirectory /home/kundan/SpringPratics/Tools/SpringBoot2JUnitTest/src/test/resources
2020-06-27 07:56:07,187 [Worker-14: Building] INFO  o.e.m.c.i.embedder.EclipseLogger - Using 'UTF-8' encoding to copy filtered resources.
2020-06-27 07:56:07,187 [Worker-14: Building] INFO  o.e.m.c.i.embedder.EclipseLogger - Copying 0 resource
2020-06-27 07:56:07,187 [Worker-14: Building] INFO  o.e.m.c.i.embedder.EclipseLogger - Copying 0 resource
2020-06-27 07:56:07,188 [Worker-14: Building] INFO  o.e.m.c.i.embedder.EclipseLogger - Using 'UTF-8' encoding to copy filtered resources.
2020-06-27 07:56:07,188 [Worker-14: Building] INFO  o.e.m.c.i.embedder.EclipseLogger - skip non existing resourceDirectory /home/kundan/SpringPratics/Tools/SpringBoot2JUnitTest/src/test/resources
2020-06-27 07:57:53,388 [Worker-14: Import Getting Started Content] INFO  o.e.m.c.i.l.LifecycleMappingFactory - Using org.eclipse.m2e.jdt.JarLifecycleMapping lifecycle mapping for MavenProject: com.kundan:SpringBoot2JUnitTest:0.0.1-SNAPSHOT @ /home/kundan/SpringPratics/Tools/SpringBoot2JUnitTest/pom.xml.
2020-06-27 07:57:53,762 [Worker-14: Import Getting Started Content] INFO  o.e.m.j.i.AbstractJavaProjectConfigurator - Adding source folder /SpringBoot2JUnitTest/src/main/java
2020-06-27 07:57:53,762 [Worker-14: Import Getting Started Content] INFO  o.e.m.j.i.AbstractJavaProjectConfigurator - Adding resource folder /SpringBoot2JUnitTest/src/main/resources
2020-06-27 07:57:53,764 [Worker-14: Import Getting Started Content] INFO  o.e.m.j.i.AbstractJavaProjectConfigurator - Adding resource folder /SpringBoot2JUnitTest/src/main/resources
2020-06-27 07:57:53,767 [Worker-14: Import Getting Started Content] INFO  o.e.m.j.i.AbstractJavaProjectConfigurator - Adding source folder /SpringBoot2JUnitTest/src/test/java
2020-06-27 07:57:53,890 [Worker-14: Import Getting Started Content] INFO  o.e.m.c.i.p.ProjectConfigurationManager - Imported and configured 1 project(s) in 0 sec
2020-06-27 07:57:53,891 [Worker-14: Import Getting Started Content] INFO  o.e.m.c.i.p.ProjectConfigurationManager - Update started
2020-06-27 07:57:54,047 [Worker-14: Import Getting Started Content] INFO  o.e.m.c.i.l.LifecycleMappingFactory - Using org.eclipse.m2e.jdt.JarLifecycleMapping lifecycle mapping for MavenProject: com.kundan:SpringBoot2JUnitTest:0.0.1-SNAPSHOT @ /home/kundan/SpringPratics/Tools/SpringBoot2JUnitTest/pom.xml.
2020-06-27 07:57:54,262 [Worker-14: Import Getting Started Content] INFO  o.e.m.j.i.AbstractJavaProjectConfigurator - Adding source folder /SpringBoot2JUnitTest/src/main/java
2020-06-27 07:57:54,262 [Worker-14: Import Getting Started Content] INFO  o.e.m.j.i.AbstractJavaProjectConfigurator - Adding resource folder /SpringBoot2JUnitTest/src/main/resources
2020-06-27 07:57:54,263 [Worker-14: Import Getting Started Content] INFO  o.e.m.j.i.AbstractJavaProjectConfigurator - Adding resource folder /SpringBoot2JUnitTest/src/main/resources
2020-06-27 07:57:54,266 [Worker-14: Import Getting Started Content] INFO  o.e.m.j.i.AbstractJavaProjectConfigurator - Adding source folder /SpringBoot2JUnitTest/src/test/java
2020-06-27 07:57:54,357 [Worker-14: Import Getting Started Content] INFO  o.e.m.c.i.p.ProjectConfigurationManager - Update completed: 0 sec
2020-06-27 07:57:54,614 [Worker-19: Building] INFO  o.e.m.c.i.embedder.EclipseLogger - Using 'UTF-8' encoding to copy filtered resources.
2020-06-27 07:57:54,615 [Worker-19: Building] INFO  o.e.m.c.i.embedder.EclipseLogger - Copying 1 resource
2020-06-27 07:57:54,622 [Worker-19: Building] INFO  o.e.m.c.i.embedder.EclipseLogger - Copying 0 resource
2020-06-27 07:57:54,624 [Worker-19: Building] INFO  o.e.m.c.i.embedder.EclipseLogger - Using 'UTF-8' encoding to copy filtered resources.
2020-06-27 07:57:54,624 [Worker-19: Building] INFO  o.e.m.c.i.embedder.EclipseLogger - skip non existing resourceDirectory /home/kundan/SpringPratics/Tools/SpringBoot2JUnitTest/src/test/resources
2020-06-27 07:58:36,525 [Worker-14: Building] INFO  o.e.m.c.i.l.LifecycleMappingFactory - Using org.eclipse.m2e.jdt.JarLifecycleMapping lifecycle mapping for MavenProject: com.kundan:SpringBoot2JUnitTest:0.0.1-SNAPSHOT @ /home/kundan/SpringPratics/Tools/SpringBoot2JUnitTest/pom.xml.
2020-06-27 07:58:36,690 [Worker-14: Building] INFO  o.e.m.c.i.embedder.EclipseLogger - Using 'UTF-8' encoding to copy filtered resources.
2020-06-27 07:58:36,693 [Worker-14: Building] INFO  o.e.m.c.i.embedder.EclipseLogger - Copying 0 resource
2020-06-27 07:58:36,693 [Worker-14: Building] INFO  o.e.m.c.i.embedder.EclipseLogger - Copying 0 resource
2020-06-27 07:58:36,695 [Worker-14: Building] INFO  o.e.m.c.i.embedder.EclipseLogger - Using 'UTF-8' encoding to copy filtered resources.
2020-06-27 07:58:36,695 [Worker-14: Building] INFO  o.e.m.c.i.embedder.EclipseLogger - skip non existing resourceDirectory /home/kundan/SpringPratics/Tools/SpringBoot2JUnitTest/src/test/resources
2020-06-27 07:58:38,043 [Worker-18: Building] INFO  o.e.m.c.i.embedder.EclipseLogger - Using 'UTF-8' encoding to copy filtered resources.
2020-06-27 07:58:38,044 [Worker-18: Building] INFO  o.e.m.c.i.embedder.EclipseLogger - Copying 1 resource
2020-06-27 07:58:38,053 [Worker-18: Building] INFO  o.e.m.c.i.embedder.EclipseLogger - Copying 0 resource
2020-06-27 07:58:38,055 [Worker-18: Building] INFO  o.e.m.c.i.embedder.EclipseLogger - Using 'UTF-8' encoding to copy filtered resources.
2020-06-27 07:58:38,055 [Worker-18: Building] INFO  o.e.m.c.i.embedder.EclipseLogger - skip non existing resourceDirectory /home/kundan/SpringPratics/Tools/SpringBoot2JUnitTest/src/test/resources
2020-06-27 07:59:34,867 [Worker-17: Building] INFO  o.e.m.c.i.embedder.EclipseLogger - Using 'UTF-8' encoding to copy filtered resources.
2020-06-27 07:59:34,867 [Worker-17: Building] INFO  o.e.m.c.i.embedder.EclipseLogger - Copying 0 resource
2020-06-27 07:59:34,867 [Worker-17: Building] INFO  o.e.m.c.i.embedder.EclipseLogger - Copying 0 resource
2020-06-27 07:59:34,870 [Worker-17: Building] INFO  o.e.m.c.i.embedder.EclipseLogger - Using 'UTF-8' encoding to copy filtered resources.
2020-06-27 07:59:34,870 [Worker-17: Building] INFO  o.e.m.c.i.embedder.EclipseLogger - skip non existing resourceDirectory /home/kundan/SpringPratics/Tools/SpringBoot2JUnitTest/src/test/resources
2020-06-27 07:59:35,935 [Worker-17: Building] INFO  o.e.m.c.i.embedder.EclipseLogger - Using 'UTF-8' encoding to copy filtered resources.
2020-06-27 07:59:35,935 [Worker-17: Building] INFO  o.e.m.c.i.embedder.EclipseLogger - Copying 0 resource
2020-06-27 07:59:35,935 [Worker-17: Building] INFO  o.e.m.c.i.embedder.EclipseLogger - Copying 0 resource
2020-06-27 07:59:35,937 [Worker-17: Building] INFO  o.e.m.c.i.embedder.EclipseLogger - Using 'UTF-8' encoding to copy filtered resources.
2020-06-27 07:59:35,937 [Worker-17: Building] INFO  o.e.m.c.i.embedder.EclipseLogger - skip non existing resourceDirectory /home/kundan/SpringPratics/Tools/SpringBoot2JUnitTest/src/test/resources
2020-06-27 08:03:25,957 [Worker-16: Launching SpringBoot2JUnitTest - SpringBoot2JUnitTestApplication] INFO  o.e.m.c.i.l.LifecycleMappingFactory - Using org.eclipse.m2e.jdt.JarLifecycleMapping lifecycle mapping for MavenProject: com.kundan:SpringBoot2JUnitTest:0.0.1-SNAPSHOT @ /home/kundan/SpringPratics/Tools/SpringBoot2JUnitTest/pom.xml.
2020-06-27 08:03:26,066 [Worker-16: Launching SpringBoot2JUnitTest - SpringBoot2JUnitTestApplication] INFO  o.e.m.c.i.embedder.EclipseLogger - Using 'UTF-8' encoding to copy filtered resources.
2020-06-27 08:03:26,068 [Worker-16: Launching SpringBoot2JUnitTest - SpringBoot2JUnitTestApplication] INFO  o.e.m.c.i.embedder.EclipseLogger - Copying 0 resource
2020-06-27 08:03:26,069 [Worker-16: Launching SpringBoot2JUnitTest - SpringBoot2JUnitTestApplication] INFO  o.e.m.c.i.embedder.EclipseLogger - Copying 0 resource
2020-06-27 08:03:26,071 [Worker-16: Launching SpringBoot2JUnitTest - SpringBoot2JUnitTestApplication] INFO  o.e.m.c.i.embedder.EclipseLogger - Using 'UTF-8' encoding to copy filtered resources.
2020-06-27 08:03:26,071 [Worker-16: Launching SpringBoot2JUnitTest - SpringBoot2JUnitTestApplication] INFO  o.e.m.c.i.embedder.EclipseLogger - skip non existing resourceDirectory /home/kundan/SpringPratics/Tools/SpringBoot2JUnitTest/src/test/resources
2020-06-27 08:04:16,713 [Worker-24: Launching SpringBoot2JUnitTest] INFO  o.e.m.c.i.e.AbstractTransferListenerAdapter - Downloading https://repo.maven.apache.org/maven2/org/junit/platform/junit-platform-launcher/1.6.2/junit-platform-launcher-1.6.2.jar
2020-06-27 08:04:17,632 [Worker-24: Launching SpringBoot2JUnitTest] INFO  o.e.m.c.i.e.AbstractTransferListenerAdapter - Downloaded https://repo.maven.apache.org/maven2/org/junit/platform/junit-platform-launcher/1.6.2/junit-platform-launcher-1.6.2.jar
2020-06-27 08:07:17,389 [Worker-25: Launching TestEmployee] INFO  o.e.m.c.i.embedder.EclipseLogger - Using 'UTF-8' encoding to copy filtered resources.
2020-06-27 08:07:17,389 [Worker-25: Launching TestEmployee] INFO  o.e.m.c.i.embedder.EclipseLogger - Copying 0 resource
2020-06-27 08:07:17,389 [Worker-25: Launching TestEmployee] INFO  o.e.m.c.i.embedder.EclipseLogger - Copying 0 resource
2020-06-27 08:07:17,391 [Worker-25: Launching TestEmployee] INFO  o.e.m.c.i.embedder.EclipseLogger - Using 'UTF-8' encoding to copy filtered resources.
2020-06-27 08:07:17,391 [Worker-25: Launching TestEmployee] INFO  o.e.m.c.i.embedder.EclipseLogger - skip non existing resourceDirectory /home/kundan/SpringPratics/Tools/SpringBoot2JUnitTest/src/test/resources
2020-06-27 08:07:44,851 [Worker-20: Launching TestEmployee] INFO  o.e.m.c.i.embedder.EclipseLogger - Using 'UTF-8' encoding to copy filtered resources.
2020-06-27 08:07:44,852 [Worker-20: Launching TestEmployee] INFO  o.e.m.c.i.embedder.EclipseLogger - Copying 0 resource
2020-06-27 08:07:44,852 [Worker-20: Launching TestEmployee] INFO  o.e.m.c.i.embedder.EclipseLogger - Copying 0 resource
2020-06-27 08:07:44,854 [Worker-20: Launching TestEmployee] INFO  o.e.m.c.i.embedder.EclipseLogger - Using 'UTF-8' encoding to copy filtered resources.
2020-06-27 08:07:44,854 [Worker-20: Launching TestEmployee] INFO  o.e.m.c.i.embedder.EclipseLogger - skip non existing resourceDirectory /home/kundan/SpringPratics/Tools/SpringBoot2JUnitTest/src/test/resources
2020-06-27 08:09:08,656 [Worker-20: Building] INFO  o.e.m.c.i.embedder.EclipseLogger - Using 'UTF-8' encoding to copy filtered resources.
2020-06-27 08:09:08,656 [Worker-20: Building] INFO  o.e.m.c.i.embedder.EclipseLogger - Copying 0 resource
2020-06-27 08:09:08,657 [Worker-20: Building] INFO  o.e.m.c.i.embedder.EclipseLogger - Copying 0 resource
2020-06-27 08:09:08,659 [Worker-20: Building] INFO  o.e.m.c.i.embedder.EclipseLogger - Using 'UTF-8' encoding to copy filtered resources.
2020-06-27 08:09:08,659 [Worker-20: Building] INFO  o.e.m.c.i.embedder.EclipseLogger - skip non existing resourceDirectory /home/kundan/SpringPratics/Tools/SpringBoot2JUnitTest/src/test/resources
2020-06-27 08:09:36,845 [Worker-21: Launching TestEmployee] INFO  o.e.m.c.i.embedder.EclipseLogger - Using 'UTF-8' encoding to copy filtered resources.
2020-06-27 08:09:36,846 [Worker-21: Launching TestEmployee] INFO  o.e.m.c.i.embedder.EclipseLogger - Copying 0 resource
2020-06-27 08:09:36,846 [Worker-21: Launching TestEmployee] INFO  o.e.m.c.i.embedder.EclipseLogger - Copying 0 resource
2020-06-27 08:09:36,848 [Worker-21: Launching TestEmployee] INFO  o.e.m.c.i.embedder.EclipseLogger - Using 'UTF-8' encoding to copy filtered resources.
2020-06-27 08:09:36,848 [Worker-21: Launching TestEmployee] INFO  o.e.m.c.i.embedder.EclipseLogger - skip non existing resourceDirectory /home/kundan/SpringPratics/Tools/SpringBoot2JUnitTest/src/test/resources
2020-06-27 08:32:21,146 [Worker-21: Launching TestEmployee] INFO  o.e.m.c.i.embedder.EclipseLogger - Using 'UTF-8' encoding to copy filtered resources.
2020-06-27 08:32:21,147 [Worker-21: Launching TestEmployee] INFO  o.e.m.c.i.embedder.EclipseLogger - Copying 0 resource
2020-06-27 08:32:21,147 [Worker-21: Launching TestEmployee] INFO  o.e.m.c.i.embedder.EclipseLogger - Copying 0 resource
2020-06-27 08:32:21,149 [Worker-21: Launching TestEmployee] INFO  o.e.m.c.i.embedder.EclipseLogger - Using 'UTF-8' encoding to copy filtered resources.
2020-06-27 08:32:21,149 [Worker-21: Launching TestEmployee] INFO  o.e.m.c.i.embedder.EclipseLogger - skip non existing resourceDirectory /home/kundan/SpringPratics/Tools/SpringBoot2JUnitTest/src/test/resources
2020-06-27 08:34:46,804 [Worker-30: Building] INFO  o.e.m.c.i.embedder.EclipseLogger - Using 'UTF-8' encoding to copy filtered resources.
2020-06-27 08:34:46,805 [Worker-30: Building] INFO  o.e.m.c.i.embedder.EclipseLogger - Copying 0 resource
2020-06-27 08:34:46,805 [Worker-30: Building] INFO  o.e.m.c.i.embedder.EclipseLogger - Copying 0 resource
2020-06-27 08:34:46,807 [Worker-30: Building] INFO  o.e.m.c.i.embedder.EclipseLogger - Using 'UTF-8' encoding to copy filtered resources.
2020-06-27 08:34:46,807 [Worker-30: Building] INFO  o.e.m.c.i.embedder.EclipseLogger - skip non existing resourceDirectory /home/kundan/SpringPratics/Tools/SpringBoot2JUnitTest/src/test/resources
2020-06-27 08:36:14,288 [Worker-28: Building] INFO  o.e.m.c.i.embedder.EclipseLogger - Using 'UTF-8' encoding to copy filtered resources.
2020-06-27 08:36:14,289 [Worker-28: Building] INFO  o.e.m.c.i.embedder.EclipseLogger - Copying 0 resource
2020-06-27 08:36:14,289 [Worker-28: Building] INFO  o.e.m.c.i.embedder.EclipseLogger - Copying 0 resource
2020-06-27 08:36:14,293 [Worker-28: Building] INFO  o.e.m.c.i.embedder.EclipseLogger - Using 'UTF-8' encoding to copy filtered resources.
2020-06-27 08:36:14,294 [Worker-28: Building] INFO  o.e.m.c.i.embedder.EclipseLogger - skip non existing resourceDirectory /home/kundan/SpringPratics/Tools/SpringBoot2JUnitTest/src/test/resources
2020-06-27 08:39:58,904 [Worker-32: Building] INFO  o.e.m.c.i.embedder.EclipseLogger - Using 'UTF-8' encoding to copy filtered resources.
2020-06-27 08:39:58,904 [Worker-32: Building] INFO  o.e.m.c.i.embedder.EclipseLogger - Copying 0 resource
2020-06-27 08:39:58,904 [Worker-32: Building] INFO  o.e.m.c.i.embedder.EclipseLogger - Copying 0 resource
2020-06-27 08:39:58,906 [Worker-32: Building] INFO  o.e.m.c.i.embedder.EclipseLogger - Using 'UTF-8' encoding to copy filtered resources.
2020-06-27 08:39:58,906 [Worker-32: Building] INFO  o.e.m.c.i.embedder.EclipseLogger - skip non existing resourceDirectory /home/kundan/SpringPratics/Tools/SpringBoot2JUnitTest/src/test/resources
2020-06-27 08:42:13,486 [Worker-21: Launching TestEmployee] INFO  o.e.m.c.i.embedder.EclipseLogger - Using 'UTF-8' encoding to copy filtered resources.
2020-06-27 08:42:13,486 [Worker-21: Launching TestEmployee] INFO  o.e.m.c.i.embedder.EclipseLogger - Copying 0 resource
2020-06-27 08:42:13,486 [Worker-21: Launching TestEmployee] INFO  o.e.m.c.i.embedder.EclipseLogger - Copying 0 resource
2020-06-27 08:42:13,488 [Worker-21: Launching TestEmployee] INFO  o.e.m.c.i.embedder.EclipseLogger - Using 'UTF-8' encoding to copy filtered resources.
2020-06-27 08:42:13,488 [Worker-21: Launching TestEmployee] INFO  o.e.m.c.i.embedder.EclipseLogger - skip non existing resourceDirectory /home/kundan/SpringPratics/Tools/SpringBoot2JUnitTest/src/test/resources
2020-06-27 08:43:29,368 [Worker-27: Building] INFO  o.e.m.c.i.embedder.EclipseLogger - Using 'UTF-8' encoding to copy filtered resources.
2020-06-27 08:43:29,368 [Worker-27: Building] INFO  o.e.m.c.i.embedder.EclipseLogger - Copying 0 resource
2020-06-27 08:43:29,368 [Worker-27: Building] INFO  o.e.m.c.i.embedder.EclipseLogger - Copying 0 resource
2020-06-27 08:43:29,372 [Worker-27: Building] INFO  o.e.m.c.i.embedder.EclipseLogger - Using 'UTF-8' encoding to copy filtered resources.
2020-06-27 08:43:29,372 [Worker-27: Building] INFO  o.e.m.c.i.embedder.EclipseLogger - skip non existing resourceDirectory /home/kundan/SpringPratics/Tools/SpringBoot2JUnitTest/src/test/resources
