2020-06-14 07:06:36,762 [Worker-2: Loading available Gradle versions] INFO  o.e.b.c.i.u.g.PublishedGradleVersions - Gradle version information cache is out-of-date. Trying to update.
2020-06-14 07:06:37,846 [Worker-2: Loading available Gradle versions] INFO  o.e.b.c.i.u.g.PublishedGradleVersions - Updating Gradle version information cache failed. Using outdated cache.
2020-06-14 07:50:26,231 [Worker-12: Import Getting Started Content] INFO  o.e.m.c.i.l.LifecycleMappingFactory - Using org.eclipse.m2e.jdt.JarLifecycleMapping lifecycle mapping for MavenProject: com.example:SpringBootScheduling:0.0.1-SNAPSHOT @ /home/kundan/SpringPratics/Scheduling/SpringBootScheduling/pom.xml.
2020-06-14 07:50:27,851 [Worker-12: Import Getting Started Content] INFO  o.e.m.j.i.AbstractJavaProjectConfigurator - Adding source folder /SpringBootScheduling/src/main/java
2020-06-14 07:50:27,852 [Worker-12: Import Getting Started Content] INFO  o.e.m.j.i.AbstractJavaProjectConfigurator - Adding resource folder /SpringBootScheduling/src/main/resources
2020-06-14 07:50:27,855 [Worker-12: Import Getting Started Content] INFO  o.e.m.j.i.AbstractJavaProjectConfigurator - Adding resource folder /SpringBootScheduling/src/main/resources
2020-06-14 07:50:27,861 [Worker-12: Import Getting Started Content] INFO  o.e.m.j.i.AbstractJavaProjectConfigurator - Adding source folder /SpringBootScheduling/src/test/java
2020-06-14 07:50:28,489 [Worker-12: Import Getting Started Content] INFO  o.e.m.c.i.p.ProjectConfigurationManager - Imported and configured 1 project(s) in 4 sec
2020-06-14 07:50:28,493 [Worker-12: Import Getting Started Content] INFO  o.e.m.c.i.p.ProjectConfigurationManager - Update started
2020-06-14 07:50:28,802 [Worker-12: Import Getting Started Content] INFO  o.e.m.c.i.l.LifecycleMappingFactory - Using org.eclipse.m2e.jdt.JarLifecycleMapping lifecycle mapping for MavenProject: com.example:SpringBootScheduling:0.0.1-SNAPSHOT @ /home/kundan/SpringPratics/Scheduling/SpringBootScheduling/pom.xml.
2020-06-14 07:50:29,082 [Worker-12: Import Getting Started Content] INFO  o.e.m.j.i.AbstractJavaProjectConfigurator - Adding source folder /SpringBootScheduling/src/main/java
2020-06-14 07:50:29,083 [Worker-12: Import Getting Started Content] INFO  o.e.m.j.i.AbstractJavaProjectConfigurator - Adding resource folder /SpringBootScheduling/src/main/resources
2020-06-14 07:50:29,083 [Worker-12: Import Getting Started Content] INFO  o.e.m.j.i.AbstractJavaProjectConfigurator - Adding resource folder /SpringBootScheduling/src/main/resources
2020-06-14 07:50:29,083 [Worker-12: Import Getting Started Content] INFO  o.e.m.j.i.AbstractJavaProjectConfigurator - Adding source folder /SpringBootScheduling/src/test/java
2020-06-14 07:50:29,694 [Worker-12: Import Getting Started Content] INFO  o.e.m.c.i.p.ProjectConfigurationManager - Update completed: 1 sec
2020-06-14 07:50:30,492 [Worker-13: Building] INFO  o.e.m.c.i.embedder.EclipseLogger - Using 'UTF-8' encoding to copy filtered resources.
2020-06-14 07:50:30,496 [Worker-13: Building] INFO  o.e.m.c.i.embedder.EclipseLogger - Copying 1 resource
2020-06-14 07:50:30,506 [Worker-13: Building] INFO  o.e.m.c.i.embedder.EclipseLogger - Copying 0 resource
2020-06-14 07:50:30,509 [Worker-13: Building] INFO  o.e.m.c.i.embedder.EclipseLogger - Using 'UTF-8' encoding to copy filtered resources.
2020-06-14 07:50:30,509 [Worker-13: Building] INFO  o.e.m.c.i.embedder.EclipseLogger - skip non existing resourceDirectory /home/kundan/SpringPratics/Scheduling/SpringBootScheduling/src/test/resources
2020-06-14 07:52:46,023 [Worker-11: Building] INFO  o.e.m.c.i.embedder.EclipseLogger - Using 'UTF-8' encoding to copy filtered resources.
2020-06-14 07:52:46,025 [Worker-11: Building] INFO  o.e.m.c.i.embedder.EclipseLogger - Copying 1 resource
2020-06-14 07:52:46,025 [Worker-11: Building] INFO  o.e.m.c.i.embedder.EclipseLogger - Copying 0 resource
2020-06-14 07:52:46,027 [Worker-11: Building] INFO  o.e.m.c.i.embedder.EclipseLogger - Using 'UTF-8' encoding to copy filtered resources.
2020-06-14 07:52:46,027 [Worker-11: Building] INFO  o.e.m.c.i.embedder.EclipseLogger - skip non existing resourceDirectory /home/kundan/SpringPratics/Scheduling/SpringBootScheduling/src/test/resources
2020-06-14 07:53:01,872 [Worker-17: Building] INFO  o.e.m.c.i.embedder.EclipseLogger - Using 'UTF-8' encoding to copy filtered resources.
2020-06-14 07:53:01,874 [Worker-17: Building] INFO  o.e.m.c.i.embedder.EclipseLogger - Copying 1 resource
2020-06-14 07:53:01,877 [Worker-17: Building] INFO  o.e.m.c.i.embedder.EclipseLogger - Copying 0 resource
2020-06-14 07:53:01,882 [Worker-17: Building] INFO  o.e.m.c.i.embedder.EclipseLogger - Using 'UTF-8' encoding to copy filtered resources.
2020-06-14 07:53:01,883 [Worker-17: Building] INFO  o.e.m.c.i.embedder.EclipseLogger - skip non existing resourceDirectory /home/kundan/SpringPratics/Scheduling/SpringBootScheduling/src/test/resources
2020-06-14 07:53:12,196 [Worker-16: Building] INFO  o.e.m.c.i.embedder.EclipseLogger - Using 'UTF-8' encoding to copy filtered resources.
2020-06-14 07:53:12,196 [Worker-16: Building] INFO  o.e.m.c.i.embedder.EclipseLogger - Copying 1 resource
2020-06-14 07:53:12,197 [Worker-16: Building] INFO  o.e.m.c.i.embedder.EclipseLogger - Copying 0 resource
2020-06-14 07:53:12,199 [Worker-16: Building] INFO  o.e.m.c.i.embedder.EclipseLogger - Using 'UTF-8' encoding to copy filtered resources.
2020-06-14 07:53:12,199 [Worker-16: Building] INFO  o.e.m.c.i.embedder.EclipseLogger - skip non existing resourceDirectory /home/kundan/SpringPratics/Scheduling/SpringBootScheduling/src/test/resources
2020-06-14 07:53:13,268 [Worker-11: Building] INFO  o.e.m.c.i.embedder.EclipseLogger - Using 'UTF-8' encoding to copy filtered resources.
2020-06-14 07:53:13,268 [Worker-11: Building] INFO  o.e.m.c.i.embedder.EclipseLogger - Copying 0 resource
2020-06-14 07:53:13,268 [Worker-11: Building] INFO  o.e.m.c.i.embedder.EclipseLogger - Copying 0 resource
2020-06-14 07:53:13,270 [Worker-11: Building] INFO  o.e.m.c.i.embedder.EclipseLogger - Using 'UTF-8' encoding to copy filtered resources.
2020-06-14 07:53:13,270 [Worker-11: Building] INFO  o.e.m.c.i.embedder.EclipseLogger - skip non existing resourceDirectory /home/kundan/SpringPratics/Scheduling/SpringBootScheduling/src/test/resources
2020-06-14 07:55:42,404 [Worker-20: Launching SpringBootSchedulingApplication] INFO  o.e.m.c.i.embedder.EclipseLogger - Using 'UTF-8' encoding to copy filtered resources.
2020-06-14 07:55:42,405 [Worker-20: Launching SpringBootSchedulingApplication] INFO  o.e.m.c.i.embedder.EclipseLogger - Copying 1 resource
2020-06-14 07:55:42,405 [Worker-20: Launching SpringBootSchedulingApplication] INFO  o.e.m.c.i.embedder.EclipseLogger - Copying 0 resource
2020-06-14 07:55:42,407 [Worker-20: Launching SpringBootSchedulingApplication] INFO  o.e.m.c.i.embedder.EclipseLogger - Using 'UTF-8' encoding to copy filtered resources.
2020-06-14 07:55:42,407 [Worker-20: Launching SpringBootSchedulingApplication] INFO  o.e.m.c.i.embedder.EclipseLogger - skip non existing resourceDirectory /home/kundan/SpringPratics/Scheduling/SpringBootScheduling/src/test/resources
2020-06-14 07:56:11,466 [Worker-11: Launching SpringBootSchedulingApplication] INFO  o.e.m.c.i.embedder.EclipseLogger - Using 'UTF-8' encoding to copy filtered resources.
2020-06-14 07:56:11,466 [Worker-11: Launching SpringBootSchedulingApplication] INFO  o.e.m.c.i.embedder.EclipseLogger - Copying 1 resource
2020-06-14 07:56:11,467 [Worker-11: Launching SpringBootSchedulingApplication] INFO  o.e.m.c.i.embedder.EclipseLogger - Copying 0 resource
2020-06-14 07:56:11,469 [Worker-11: Launching SpringBootSchedulingApplication] INFO  o.e.m.c.i.embedder.EclipseLogger - Using 'UTF-8' encoding to copy filtered resources.
2020-06-14 07:56:11,469 [Worker-11: Launching SpringBootSchedulingApplication] INFO  o.e.m.c.i.embedder.EclipseLogger - skip non existing resourceDirectory /home/kundan/SpringPratics/Scheduling/SpringBootScheduling/src/test/resources
